Change Component Designator: OldDesignator=R17 NewDesignator=R16
Change Component Designator: OldDesignator=R18 NewDesignator=R17
Change Component Designator: OldDesignator=R19 NewDesignator=R18
Change Component Designator: OldDesignator=R20 NewDesignator=R19
Change Component Designator: OldDesignator=R21 NewDesignator=R20
Change Component Designator: OldDesignator=R22 NewDesignator=R21
Change Component Designator: OldDesignator=R23 NewDesignator=R22
Change Component Designator: OldDesignator=R24 NewDesignator=R23
Change Component Designator: OldDesignator=R25 NewDesignator=R24
Change Component Designator: OldDesignator=R26 NewDesignator=R25
Change Component Designator: OldDesignator=R27 NewDesignator=R26
Added Pin To Net: NetName=3V3 Pin=U6-6
Added Pin To Net: NetName=3V3 Pin=U7-6
Change Net Name : Old Net Name=NetR17_1 New Net Name=NetR16_1
Change Net Name : Old Net Name=NetR21_2 New Net Name=NetR20_2
Change Net Name : Old Net Name=NetR22_2 New Net Name=NetR21_2
Added Member To Class: ClassName=SAM4S_Piezo_LED Member=Component C21 22uF
Added Member To Class: ClassName=SAM4S_Piezo_LED Member=Component C22 100nF
Added Member To Class: ClassName=SAM4S_Piezo_LED Member=Component C23 100nF
Added Member To Class: ClassName=SAM4S_Piezo_LED Member=Component C25 100nF
Added Member To Class: ClassName=SAM4S_Piezo_LED Member=Component C27 4.7uF
Added Member To Class: ClassName=Power_USB Member=Component H6 4 Pin Molex KK Hdr
Added Member To Class: ClassName=Power_USB Member=Component H7 4 Pin Molex KK Hdr
