Removed Pin From Net: NetName=3V3 Breakout 2 Pin=D3-1
Removed Pin From Net: NetName=3V3 Pin=D3-2
Removed Pin From Net: NetName=3V3 Breakout 1 Pin=D4-1
Removed Pin From Net: NetName=3V3 Pin=D4-2
Removed Pin From Net: NetName=GND Pin=D5-1
Removed Pin From Net: NetName=3V3 Breakout 2 Pin=D5-2
Removed Pin From Net: NetName=GND Pin=D6-1
Removed Pin From Net: NetName=3V3 Breakout 1 Pin=D6-2
Change Component Footprint: Designator=D3 Old Footprint=SMC New Footprint=DO-214AA_SCL
Change Component Footprint: Designator=D4 Old Footprint=SMC New Footprint=DO-214AA_SCL
Change Component Footprint: Designator=D5 Old Footprint=SMC New Footprint=DO-214AA_SCL
Change Component Footprint: Designator=D6 Old Footprint=SMC New Footprint=DO-214AA_SCL
Change Component Comment : Designator=D3 Old Comment=VS-30BQ015-M3/9AT New Comment=DIODE ZENER 5.6V
Change Component Comment : Designator=D4 Old Comment=VS-30BQ015-M3/9AT New Comment=DIODE ZENER 5.6V
Change Component Comment : Designator=D5 Old Comment=VS-30BQ015-M3/9AT New Comment=DIODE ZENER 5.6V
Change Component Comment : Designator=D6 Old Comment=VS-30BQ015-M3/9AT New Comment=DIODE ZENER 5.6V
Change component parameters: Designator = "D3"; Footprint = "DO-214AA_SCL"; UniqueID = "\VVVGIBQZ"
Change component parameters. Clean all parameters for all variants
Change component parameters (AddParameter): Name = "Base Part Number"; Value = "SMBJ5339"; VariantName = "[No Variations]"
Change component parameters (AddParameter): Name = "Category"; Value = "Discrete Semiconductor Products"; VariantName = "[No Variations]"
Change component parameters (AddParameter): Name = "ComponentLink1Description"; Value = "http://www.mccsemi.com/up_pdf/SMBJ5338B-SMBJ5388B(SMB).pdf"; VariantName = "[No Variations]"
Change component parameters (AddParameter): Name = "ComponentLink1URL"; Value = "http://www.mccsemi.com/up_pdf/SMBJ5338B-SMBJ5388B(SMB).pdf"; VariantName = "[No Variations]"
Change component parameters (AddParameter): Name = "Manufacturer"; Value = "Micro Commercial Co"; VariantName = "[No Variations]"
Change component parameters (AddParameter): Name = "Manufacturer Part Number"; Value = "SMBJ5339B-TP"; VariantName = "[No Variations]"
Change component parameters (AddParameter): Name = "Mounting Type"; Value = "Surface Mount"; VariantName = "[No Variations]"
Change component parameters (AddParameter): Name = "Operating Temperature"; Value = "-55°C ~ 150°C"; VariantName = "[No Variations]"
Change component parameters (AddParameter): Name = "Package / Case"; Value = "DO-214AA, SMB"; VariantName = "[No Variations]"
Change component parameters (AddParameter): Name = "Packaging"; Value = "Cut Tape (CT)"; VariantName = "[No Variations]"
Change component parameters (AddParameter): Name = "Part Status"; Value = "Active"; VariantName = "[No Variations]"
Change component parameters (AddParameter): Name = "Pricing 1"; Value = "1=1.47, 10=1.277, 25=1.1312, 100=0.9853, 250=0.85764, 500=0.72988, 1000=0.58391 (NZD)"; VariantName = "[No Variations]"
Change component parameters (AddParameter): Name = "RoHS"; Value = "RoHS Compliant"; VariantName = "[No Variations]"
Change component parameters (AddParameter): Name = "Stock 1"; Value = "85990"; VariantName = "[No Variations]"
Change component parameters (AddParameter): Name = "Supplier 1"; Value = "Digi-Key"; VariantName = "[No Variations]"
Change component parameters (AddParameter): Name = "Supplier Device Package"; Value = "DO-214AA (SMB)"; VariantName = "[No Variations]"
Change component parameters (AddParameter): Name = "Supplier Part Number 1"; Value = "SMBJ5339B-TPMSCT-ND"; VariantName = "[No Variations]"
Change component parameters (AddParameter): Name = "Tolerance"; Value = "±5%"; VariantName = "[No Variations]"
Change component parameters: Designator = "D4"; Footprint = "DO-214AA_SCL"; UniqueID = "\BCDYARRU"
Change component parameters. Clean all parameters for all variants
Change component parameters (AddParameter): Name = "Base Part Number"; Value = "SMBJ5339"; VariantName = "[No Variations]"
Change component parameters (AddParameter): Name = "Category"; Value = "Discrete Semiconductor Products"; VariantName = "[No Variations]"
Change component parameters (AddParameter): Name = "ComponentLink1Description"; Value = "http://www.mccsemi.com/up_pdf/SMBJ5338B-SMBJ5388B(SMB).pdf"; VariantName = "[No Variations]"
Change component parameters (AddParameter): Name = "ComponentLink1URL"; Value = "http://www.mccsemi.com/up_pdf/SMBJ5338B-SMBJ5388B(SMB).pdf"; VariantName = "[No Variations]"
Change component parameters (AddParameter): Name = "Manufacturer"; Value = "Micro Commercial Co"; VariantName = "[No Variations]"
Change component parameters (AddParameter): Name = "Manufacturer Part Number"; Value = "SMBJ5339B-TP"; VariantName = "[No Variations]"
Change component parameters (AddParameter): Name = "Mounting Type"; Value = "Surface Mount"; VariantName = "[No Variations]"
Change component parameters (AddParameter): Name = "Operating Temperature"; Value = "-55°C ~ 150°C"; VariantName = "[No Variations]"
Change component parameters (AddParameter): Name = "Package / Case"; Value = "DO-214AA, SMB"; VariantName = "[No Variations]"
Change component parameters (AddParameter): Name = "Packaging"; Value = "Cut Tape (CT)"; VariantName = "[No Variations]"
Change component parameters (AddParameter): Name = "Part Status"; Value = "Active"; VariantName = "[No Variations]"
Change component parameters (AddParameter): Name = "Pricing 1"; Value = "1=1.47, 10=1.277, 25=1.1312, 100=0.9853, 250=0.85764, 500=0.72988, 1000=0.58391 (NZD)"; VariantName = "[No Variations]"
Change component parameters (AddParameter): Name = "RoHS"; Value = "RoHS Compliant"; VariantName = "[No Variations]"
Change component parameters (AddParameter): Name = "Stock 1"; Value = "85990"; VariantName = "[No Variations]"
Change component parameters (AddParameter): Name = "Supplier 1"; Value = "Digi-Key"; VariantName = "[No Variations]"
Change component parameters (AddParameter): Name = "Supplier Device Package"; Value = "DO-214AA (SMB)"; VariantName = "[No Variations]"
Change component parameters (AddParameter): Name = "Supplier Part Number 1"; Value = "SMBJ5339B-TPMSCT-ND"; VariantName = "[No Variations]"
Change component parameters (AddParameter): Name = "Tolerance"; Value = "±5%"; VariantName = "[No Variations]"
Change component parameters: Designator = "D5"; Footprint = "DO-214AA_SCL"; UniqueID = "\HZTKPVZV"
Change component parameters. Clean all parameters for all variants
Change component parameters (AddParameter): Name = "Base Part Number"; Value = "SMBJ5339"; VariantName = "[No Variations]"
Change component parameters (AddParameter): Name = "Category"; Value = "Discrete Semiconductor Products"; VariantName = "[No Variations]"
Change component parameters (AddParameter): Name = "ComponentLink1Description"; Value = "http://www.mccsemi.com/up_pdf/SMBJ5338B-SMBJ5388B(SMB).pdf"; VariantName = "[No Variations]"
Change component parameters (AddParameter): Name = "ComponentLink1URL"; Value = "http://www.mccsemi.com/up_pdf/SMBJ5338B-SMBJ5388B(SMB).pdf"; VariantName = "[No Variations]"
Change component parameters (AddParameter): Name = "Manufacturer"; Value = "Micro Commercial Co"; VariantName = "[No Variations]"
Change component parameters (AddParameter): Name = "Manufacturer Part Number"; Value = "SMBJ5339B-TP"; VariantName = "[No Variations]"
Change component parameters (AddParameter): Name = "Mounting Type"; Value = "Surface Mount"; VariantName = "[No Variations]"
Change component parameters (AddParameter): Name = "Operating Temperature"; Value = "-55°C ~ 150°C"; VariantName = "[No Variations]"
Change component parameters (AddParameter): Name = "Package / Case"; Value = "DO-214AA, SMB"; VariantName = "[No Variations]"
Change component parameters (AddParameter): Name = "Packaging"; Value = "Cut Tape (CT)"; VariantName = "[No Variations]"
Change component parameters (AddParameter): Name = "Part Status"; Value = "Active"; VariantName = "[No Variations]"
Change component parameters (AddParameter): Name = "Pricing 1"; Value = "1=1.47, 10=1.277, 25=1.1312, 100=0.9853, 250=0.85764, 500=0.72988, 1000=0.58391 (NZD)"; VariantName = "[No Variations]"
Change component parameters (AddParameter): Name = "RoHS"; Value = "RoHS Compliant"; VariantName = "[No Variations]"
Change component parameters (AddParameter): Name = "Stock 1"; Value = "85990"; VariantName = "[No Variations]"
Change component parameters (AddParameter): Name = "Supplier 1"; Value = "Digi-Key"; VariantName = "[No Variations]"
Change component parameters (AddParameter): Name = "Supplier Device Package"; Value = "DO-214AA (SMB)"; VariantName = "[No Variations]"
Change component parameters (AddParameter): Name = "Supplier Part Number 1"; Value = "SMBJ5339B-TPMSCT-ND"; VariantName = "[No Variations]"
Change component parameters (AddParameter): Name = "Tolerance"; Value = "±5%"; VariantName = "[No Variations]"
Change component parameters: Designator = "D6"; Footprint = "DO-214AA_SCL"; UniqueID = "\IRJIDITI"
Change component parameters. Clean all parameters for all variants
Change component parameters (AddParameter): Name = "Base Part Number"; Value = "SMBJ5339"; VariantName = "[No Variations]"
Change component parameters (AddParameter): Name = "Category"; Value = "Discrete Semiconductor Products"; VariantName = "[No Variations]"
Change component parameters (AddParameter): Name = "ComponentLink1Description"; Value = "http://www.mccsemi.com/up_pdf/SMBJ5338B-SMBJ5388B(SMB).pdf"; VariantName = "[No Variations]"
Change component parameters (AddParameter): Name = "ComponentLink1URL"; Value = "http://www.mccsemi.com/up_pdf/SMBJ5338B-SMBJ5388B(SMB).pdf"; VariantName = "[No Variations]"
Change component parameters (AddParameter): Name = "Manufacturer"; Value = "Micro Commercial Co"; VariantName = "[No Variations]"
Change component parameters (AddParameter): Name = "Manufacturer Part Number"; Value = "SMBJ5339B-TP"; VariantName = "[No Variations]"
Change component parameters (AddParameter): Name = "Mounting Type"; Value = "Surface Mount"; VariantName = "[No Variations]"
Change component parameters (AddParameter): Name = "Operating Temperature"; Value = "-55°C ~ 150°C"; VariantName = "[No Variations]"
Change component parameters (AddParameter): Name = "Package / Case"; Value = "DO-214AA, SMB"; VariantName = "[No Variations]"
Change component parameters (AddParameter): Name = "Packaging"; Value = "Cut Tape (CT)"; VariantName = "[No Variations]"
Change component parameters (AddParameter): Name = "Part Status"; Value = "Active"; VariantName = "[No Variations]"
Change component parameters (AddParameter): Name = "Pricing 1"; Value = "1=1.47, 10=1.277, 25=1.1312, 100=0.9853, 250=0.85764, 500=0.72988, 1000=0.58391 (NZD)"; VariantName = "[No Variations]"
Change component parameters (AddParameter): Name = "RoHS"; Value = "RoHS Compliant"; VariantName = "[No Variations]"
Change component parameters (AddParameter): Name = "Stock 1"; Value = "85990"; VariantName = "[No Variations]"
Change component parameters (AddParameter): Name = "Supplier 1"; Value = "Digi-Key"; VariantName = "[No Variations]"
Change component parameters (AddParameter): Name = "Supplier Device Package"; Value = "DO-214AA (SMB)"; VariantName = "[No Variations]"
Change component parameters (AddParameter): Name = "Supplier Part Number 1"; Value = "SMBJ5339B-TPMSCT-ND"; VariantName = "[No Variations]"
Change component parameters (AddParameter): Name = "Tolerance"; Value = "±5%"; VariantName = "[No Variations]"
Added Pin To Net: NetName=3V3 Pin=D3-1
Added Pin To Net: NetName=3V3 Breakout 1 Pin=D3-2
Added Pin To Net: NetName=3V3 Pin=D4-1
Added Pin To Net: NetName=3V3 Breakout 2 Pin=D4-2
Added Pin To Net: NetName=3V3 Breakout 1 Pin=D5-1
Added Pin To Net: NetName=GND Pin=D5-2
Added Pin To Net: NetName=3V3 Breakout 2 Pin=D6-1
Added Pin To Net: NetName=GND Pin=D6-2
