Removed Pin From Net: NetName=3V3 Pin=H7-3
Removed Pin From Net: NetName=GND Pin=H7-4
Removed Pin From Net: NetName=3V3 Breakout 2 Pin=U9-13
Removed Pin From Net: NetName=3V3 Breakout 1 Pin=U9-14
Removed Member From Class: ClassName=SAM4S_Piezo_LED Member=R19
Added Pin To Net: NetName=3V3 Pin=H7-1
Added Pin To Net: NetName=GND Pin=H7-2
Added Pin To Net: NetName=3V3 Breakout 1 Pin=U9-13
Added Pin To Net: NetName=3V3 Breakout 2 Pin=U9-14
Change Net Name : Old Net Name=3V3 Breakout 1 New Net Name=3V3 Breakout 2
Change Net Name : Old Net Name=3V3 Breakout 2 New Net Name=3V3 Breakout 1
Added Pin To Net: NetName=NetH7_3 Pin=H7-3
Added Pin To Net: NetName=NetH7_3 Pin=R18-2
Added Net: Name=NetH7_3
Added Pin To Net: NetName=NetH7_4 Pin=H7-4
Added Pin To Net: NetName=NetH7_4 Pin=R19-2
Added Net: Name=NetH7_4
Added Member To Class: ClassName=Power_USB Member=Component R17 0R
Added Member To Class: ClassName=Power_USB Member=Component R19 360R
Added Member To Class: ClassName=SAM4S_Piezo_LED Member=Component R20 27R
Added Member To Class: ClassName=SAM4S_Piezo_LED Member=Component R22 2K
Added Member To Class: ClassName=SAM4S_Piezo_LED Member=Component R25 360R
Added Member To Class: ClassName=SAM4S_Piezo_LED Member=Component R26 360R
