Removed Pin From Net: NetName=3.3V IMU Pin=C1-2
Removed Pin From Net: NetName=3.3V IMU Pin=C2-2
Removed Pin From Net: NetName=3.3V IMU Pin=J1-3
Removed Pin From Net: NetName=3.3V IMU Pin=U1-1
Removed Pin From Net: NetName=3.3V IMU Pin=U1-8
Removed Pin From Net: NetName=3.3V IMU Pin=U1-13
Removed Pin From Net: NetName=3.3V IMU Pin=U1-22
Added Pin To Net: NetName=3V3 Pin=C1-2
Added Pin To Net: NetName=3V3 Pin=C2-2
Added Pin To Net: NetName=GND Pin=J1-3
Added Pin To Net: NetName=3V3 Pin=U1-1
Added Pin To Net: NetName=3V3 Pin=U1-8
Added Pin To Net: NetName=3V3 Pin=U1-13
Added Pin To Net: NetName=3V3 Pin=U1-22
Added Pin To Net: NetName=3V3 Pin=VR1-1
Added Pin To Net: NetName=3V3 Pin=VR1-4
Added Pin To Net: NetName=IMU/Joystick Pin=J1-1
Added Pin To Net: NetName=IMU/Joystick Pin=U9-41
Added Net: Name=IMU/Joystick
Added Pin To Net: NetName=IMU INT Pin=U1-12
Added Pin To Net: NetName=IMU INT Pin=U9-44
Added Net: Name=IMU INT
