Change Component Designator: Old Designator=C8 New Designator=C5
Change Component Designator: Old Designator=C9 New Designator=C6
Change Component Designator: Old Designator=C10 New Designator=C7
Change Component Designator: Old Designator=C11 New Designator=C8
Change Component Designator: Old Designator=C12 New Designator=C9
Change Component Designator: Old Designator=C13 New Designator=C10
Change Component Designator: Old Designator=C14 New Designator=C11
Change Component Designator: Old Designator=C15 New Designator=C12
Change Component Designator: Old Designator=C16 New Designator=C13
Change Component Designator: Old Designator=C17 New Designator=C14
Change Component Designator: Old Designator=D2 New Designator=D1
Change Component Designator: Old Designator=D? New Designator=D2
Change Component Designator: Old Designator=F2 New Designator=F1
Change Component Designator: Old Designator=H5 New Designator=H4
Change Component Designator: Old Designator=H6 New Designator=H5
Change Component Designator: Old Designator=H7 New Designator=H6
Change Component Designator: Old Designator=H8 New Designator=H7
Change Component Designator: Old Designator=Q? New Designator=Q1
Change Component Designator: Old Designator=R11 New Designator=R8
Change Component Designator: Old Designator=R12 New Designator=R10
Change Component Designator: Old Designator=R13 New Designator=R11
Change Component Designator: Old Designator=R14 New Designator=R12
Change Component Designator: Old Designator=R15 New Designator=R13
Change Component Designator: Old Designator=R16 New Designator=R14
Change Component Designator: Old Designator=R17 New Designator=R15
Change Component Designator: Old Designator=R18 New Designator=R16
Change Component Designator: Old Designator=R19 New Designator=R17
Change Component Designator: Old Designator=R20 New Designator=R18
Change Component Designator: Old Designator=R21 New Designator=R19
Change Component Designator: Old Designator=R22 New Designator=R20
Change Component Designator: Old Designator=R23 New Designator=R21
Change Component Designator: Old Designator=R? New Designator=R9
Change Component Designator: Old Designator=U5 New Designator=U4
Change Component Designator: Old Designator=U6 New Designator=U5
Change Component Designator: Old Designator=U7 New Designator=U6
Change Component Designator: Old Designator=U8 New Designator=U7
Change Component Designator: Old Designator=U9 New Designator=U8
