Change Component Designator: Old Designator= New Designator=3
Change Component Designator: Old Designator=4uF New Designator=1
Change Component Designator: Old Designator=4uF New Designator=2
Change Component Designator: Old Designator=C1 New Designator=C5
Change Component Designator: Old Designator=C? New Designator=C6
Change Component Designator: Old Designator=C? New Designator=C7
Change Component Designator: Old Designator=D2 New Designator=D3
Change Component Designator: Old Designator=D3 New Designator=D4
Change Component Designator: Old Designator=D? New Designator=D2
Change Component Designator: Old Designator=H1 New Designator=H2
Change Component Designator: Old Designator=H2 New Designator=H3
Change Component Designator: Old Designator=J1 New Designator=J2
Change Component Designator: Old Designator=L? New Designator=L2
Change Component Designator: Old Designator=R1 New Designator=R6
Change Component Designator: Old Designator=R2 New Designator=R8
Change Component Designator: Old Designator=R7 New Designator=R5
Change Component Designator: Old Designator=R8 New Designator=R7
Change Component Designator: Old Designator=R9 New Designator=R4
Change Component Designator: Old Designator=R14 New Designator=R1
Change Component Designator: Old Designator=R15 New Designator=R2
Change Component Designator: Old Designator=R?? New Designator=R3
Change Component Designator: Old Designator=U1 New Designator=U3
Change Component Designator: Old Designator=U? New Designator=U4
