Change Component Designator: Old Designator=C18 New Designator=C15
Change Component Designator: Old Designator=C19 New Designator=C16
Change Component Designator: Old Designator=C20 New Designator=C17
Change Component Designator: Old Designator=C21 New Designator=C18
Change Component Designator: Old Designator=C22 New Designator=C19
Change Component Designator: Old Designator=C23 New Designator=C20
Change Component Designator: Old Designator=C24 New Designator=C21
Change Component Designator: Old Designator=C25 New Designator=C22
Change Component Designator: Old Designator=C26 New Designator=C23
Change Component Designator: Old Designator=C27 New Designator=C24
Change Component Designator: Old Designator=C28 New Designator=C25
Change Component Designator: Old Designator=C29 New Designator=C26
Change Component Designator: Old Designator=C30 New Designator=C27
Change Component Designator: Old Designator=H9 New Designator=H8
Change Component Designator: Old Designator=R24 New Designator=R22
Change Component Designator: Old Designator=R25 New Designator=R23
Change Component Designator: Old Designator=R26 New Designator=R24
Change Component Designator: Old Designator=R27 New Designator=R25
Change Component Designator: Old Designator=R28 New Designator=R26
Change Component Designator: Old Designator=R29 New Designator=R27
Change Component Designator: Old Designator=R30 New Designator=R28
Change Component Designator: Old Designator=R31 New Designator=R29
Change Component Designator: Old Designator=TP15 New Designator=TP13
Change Component Designator: Old Designator=TP16 New Designator=TP14
Change Component Designator: Old Designator=TP17 New Designator=TP15
Change Component Designator: Old Designator=TP18 New Designator=TP16
Change Component Designator: Old Designator=TP20 New Designator=TP17
Change Component Designator: Old Designator=TP21 New Designator=TP18
Change Component Designator: Old Designator=TP22 New Designator=TP19
Change Component Designator: Old Designator=TP23 New Designator=TP20
Change Component Designator: Old Designator=U10 New Designator=U9
Change Component Designator: Old Designator=U10 New Designator=U9
