Change Component Designator: Old Designator=C20 New Designator=C24
Change Component Designator: Old Designator=C24 New Designator=C25
Change Component Designator: Old Designator=C25 New Designator=C26
Change Component Designator: Old Designator=C26 New Designator=C27
Change Component Designator: Old Designator=C? New Designator=C20
Change Component Designator: Old Designator=C? New Designator=C21
Change Component Designator: Old Designator=D4 New Designator=D3
Change Component Designator: Old Designator=D5 New Designator=D4
Change Component Designator: Old Designator=D? New Designator=D2
Change Component Designator: Old Designator=H3 New Designator=H4
Change Component Designator: Old Designator=H4 New Designator=H3
Change Component Designator: Old Designator=H5 New Designator=H6
Change Component Designator: Old Designator=H6 New Designator=H7
Change Component Designator: Old Designator=H7 New Designator=H8
Change Component Designator: Old Designator=H? New Designator=H5
Change Component Designator: Old Designator=Q? New Designator=Q1
Change Component Designator: Old Designator=Q? New Designator=Q2
Change Component Designator: Old Designator=Q? New Designator=Q3
Change Component Designator: Old Designator=R? New Designator=R11
Change Component Designator: Old Designator=R?? New Designator=R9
Change Component Designator: Old Designator=R?? New Designator=R10
Change Component Designator: Old Designator=U5 New Designator=U6
Change Component Designator: Old Designator=U6 New Designator=U5
Change Component Designator: Old Designator=U? New Designator=U7
