Removed Pin From Net: NetName=MOT_A2 Pin=U1-13
Removed Pin From Net: NetName=MOT_A1 Pin=U1-15
Removed Pin From Net: NetName=MOT_B2 Pin=U1-16
Removed Pin From Net: NetName=MOT_B1 Pin=U1-23
Removed Pin From Net: NetName=FREQ1 Pin=U1-35
Removed Pin From Net: NetName=FREQ2 Pin=U1-36
Removed Pin From Net: NetName=FREQ3 Pin=U1-37
Removed Pin From Net: NetName=FREQ4 Pin=U1-38
Removed Pin From Net: NetName=SLEEP Pin=U1-44
Removed Pin From Net: NetName=R_STATUS Pin=U1-47
Removed Pin From Net: NetName=G_STATUS Pin=U1-48
Added Pin To Net: NetName=R_STATUS Pin=U1-3
Added Pin To Net: NetName=G_STATUS Pin=U1-4
Added Pin To Net: NetName=SLEEP Pin=U1-5
Added Pin To Net: NetName=FREQ1 Pin=U1-13
Added Pin To Net: NetName=FREQ2 Pin=U1-14
Added Pin To Net: NetName=FREQ3 Pin=U1-15
Added Pin To Net: NetName=FREQ4 Pin=U1-16
Added Pin To Net: NetName=MOT_A1 Pin=U1-32
Added Pin To Net: NetName=MOT_A2 Pin=U1-33
Added Pin To Net: NetName=MOT_B2 Pin=U1-47
Added Pin To Net: NetName=MOT_B1 Pin=U1-48
