Change Component Designator: Old Designator=DL? New Designator=DL1
Change Component Designator: Old Designator=DL? New Designator=DL2
Change Component Designator: Old Designator=R9 New Designator=R7
Change Component Designator: Old Designator=R? New Designator=R6
Change Component Designator: Old Designator=R? New Designator=R8
Change Component Designator: Old Designator=R? New Designator=R9
Change Component Designator: Old Designator=TP6 New Designator=TP10
Change Component Designator: Old Designator=TP7 New Designator=TP11
Change Component Designator: Old Designator=TP8 New Designator=TP12
Change Component Designator: Old Designator=TP9 New Designator=TP17
Change Component Designator: Old Designator=TP10 New Designator=TP18
Change Component Designator: Old Designator=TP11 New Designator=TP19
Change Component Designator: Old Designator=TP12 New Designator=TP24
Change Component Designator: Old Designator=TP13 New Designator=TP36
Change Component Designator: Old Designator=TP14 New Designator=TP26
Change Component Designator: Old Designator=TP15 New Designator=TP33
Change Component Designator: Old Designator=TP16 New Designator=TP32
Change Component Designator: Old Designator=TP? New Designator=TP6
Change Component Designator: Old Designator=TP? New Designator=TP7
Change Component Designator: Old Designator=TP? New Designator=TP8
Change Component Designator: Old Designator=TP? New Designator=TP9
Change Component Designator: Old Designator=TP? New Designator=TP13
Change Component Designator: Old Designator=TP? New Designator=TP14
Change Component Designator: Old Designator=TP? New Designator=TP15
Change Component Designator: Old Designator=TP? New Designator=TP16
Change Component Designator: Old Designator=TP? New Designator=TP20
Change Component Designator: Old Designator=TP? New Designator=TP21
Change Component Designator: Old Designator=TP? New Designator=TP22
Change Component Designator: Old Designator=TP? New Designator=TP23
Change Component Designator: Old Designator=TP? New Designator=TP25
Change Component Designator: Old Designator=TP? New Designator=TP27
Change Component Designator: Old Designator=TP? New Designator=TP28
Change Component Designator: Old Designator=TP? New Designator=TP29
Change Component Designator: Old Designator=TP? New Designator=TP30
Change Component Designator: Old Designator=TP? New Designator=TP31
Change Component Designator: Old Designator=TP? New Designator=TP34
Change Component Designator: Old Designator=TP? New Designator=TP35
